2024-01-03T22:07:18: info  - Loaded env from C:\Users\teamguug\Desktop\jootong3\.env
2024-01-03T22:07:20: event - compiled client and server successfully in 1142 ms (205 modules)
2024-01-03T22:07:21: ========================================== APP Prepare Done development ==========================================================
2024-01-03T22:07:21: server is runing at port 3000
2024-01-03T22:07:21: ready signal dev
2024-01-03T22:07:21: server is runing at port undefined
2024-01-03T22:07:21: ready signal production
2024-01-03T22:07:23: info  - Loaded env from C:\Users\teamguug\Desktop\jootong3\.env
2024-01-03T22:07:25: event - compiled client and server successfully in 998 ms (205 modules)
2024-01-03T22:07:26: ========================================== APP Prepare Done development ==========================================================
2024-01-03T22:07:26: server is runing at port 3000
2024-01-03T22:07:26: ready signal dev
2024-01-03T22:07:26: server is runing at port undefined
2024-01-03T22:07:26: ready signal production
2024-01-03T22:07:26: wait  - compiling /_error (client and server)...
2024-01-03T22:07:26: event - compiled client and server successfully in 135 ms (206 modules)
2024-01-03T22:07:32: wait  - compiling /create (client and server)...
2024-01-03T22:07:32: event - compiled client and server successfully in 729 ms (327 modules)
2024-01-03T22:07:33: wait  - compiling /api/auth/[...nextauth] (client and server)...
2024-01-03T22:07:33: event - compiled successfully in 169 ms (123 modules)
2024-01-03T22:07:34: [DB 연결 성공] : 172.30.1.39
2024-01-03T22:07:35: wait  - compiling /auth/signin (client and server)...
2024-01-03T22:07:38: event - compiled client and server successfully in 2.4s (351 modules)
2024-01-03T22:08:11: wait  - compiling...
2024-01-03T22:08:12: info  - Loaded env from C:\Users\teamguug\Desktop\jootong3\.env
2024-01-03T22:08:15: event - compiled client and server successfully in 1097 ms (205 modules)
2024-01-03T22:08:16: ========================================== APP Prepare Done development ==========================================================
2024-01-03T22:08:16: server is runing at port 3000
2024-01-03T22:08:16: ready signal dev
2024-01-03T22:08:16: server is runing at port undefined
2024-01-03T22:08:16: ready signal production
2024-01-03T22:08:20: wait  - compiling /create (client and server)...
2024-01-03T22:08:21: event - compiled client and server successfully in 622 ms (326 modules)
2024-01-03T22:08:22: info  - Loaded env from C:\Users\teamguug\Desktop\jootong3\.env
2024-01-03T22:08:24: event - compiled client and server successfully in 1048 ms (205 modules)
2024-01-03T22:08:25: ========================================== APP Prepare Done development ==========================================================
2024-01-03T22:08:25: server is runing at port 3000
2024-01-03T22:08:25: ready signal dev
2024-01-03T22:08:25: server is runing at port undefined
2024-01-03T22:08:25: ready signal production
2024-01-03T22:08:25: wait  - compiling /create (client and server)...
2024-01-03T22:08:26: event - compiled client and server successfully in 531 ms (326 modules)
2024-01-03T22:08:27: wait  - compiling /api/auth/[...nextauth] (client and server)...
2024-01-03T22:08:27: event - compiled successfully in 137 ms (123 modules)
2024-01-03T22:08:28: [DB 연결 성공] : 172.30.1.39
2024-01-03T22:09:22: info  - Loaded env from C:\Users\teamguug\Desktop\jootong3\.env
2024-01-03T22:09:24: event - compiled client and server successfully in 1072 ms (205 modules)
2024-01-03T22:09:25: ========================================== APP Prepare Done development ==========================================================
2024-01-03T22:09:25: server is runing at port 3000
2024-01-03T22:09:25: ready signal dev
2024-01-03T22:09:25: server is runing at port undefined
2024-01-03T22:09:25: ready signal production
2024-01-03T22:09:32: wait  - compiling /_error (client and server)...
2024-01-03T22:09:32: event - compiled client and server successfully in 196 ms (206 modules)
2024-01-03T22:09:38: wait  - compiling /create (client and server)...
2024-01-03T22:09:38: event - compiled client and server successfully in 499 ms (327 modules)
2024-01-03T22:10:22: info  - Loaded env from C:\Users\teamguug\Desktop\jootong3\.env
2024-01-03T22:10:24: event - compiled client and server successfully in 1055 ms (205 modules)
2024-01-03T22:10:25: ========================================== APP Prepare Done development ==========================================================
2024-01-03T22:10:25: server is runing at port 3000
2024-01-03T22:10:25: ready signal dev
2024-01-03T22:10:25: server is runing at port undefined
2024-01-03T22:10:25: ready signal production
2024-01-03T22:10:28: wait  - compiling /_error (client and server)...
2024-01-03T22:10:28: event - compiled client and server successfully in 137 ms (206 modules)
2024-01-03T22:10:33: wait  - compiling /create (client and server)...
2024-01-03T22:10:34: event - compiled client and server successfully in 459 ms (327 modules)
2024-01-03T22:10:35: wait  - compiling /api/auth/[...nextauth] (client and server)...
2024-01-03T22:10:35: event - compiled successfully in 73 ms (123 modules)
2024-01-03T22:10:36: [DB 연결 성공] : 172.30.1.39
2024-01-03T22:10:43: wait  - compiling / (client and server)...
2024-01-03T22:10:43: event - compiled client and server successfully in 275 ms (377 modules)
2024-01-03T22:10:44: wait  - compiling /api/weather (client and server)...
2024-01-03T22:10:44: [DB 연결 성공] : 172.30.1.39
2024-01-03T22:10:44: event - compiled successfully in 84 ms (135 modules)
2024-01-03T22:10:44: [날씨 조회]
2024-01-03T22:11:01: wait  - compiling...
2024-01-03T22:11:02: info  - Loaded env from C:\Users\teamguug\Desktop\jootong3\.env
2024-01-03T22:11:04: event - compiled client and server successfully in 1094 ms (205 modules)
2024-01-03T22:11:05: ========================================== APP Prepare Done development ==========================================================
2024-01-03T22:11:05: server is runing at port 3000
2024-01-03T22:11:05: ready signal dev
2024-01-03T22:11:05: server is runing at port undefined
2024-01-03T22:11:05: ready signal production
2024-01-03T22:11:08: info  - Loaded env from C:\Users\teamguug\Desktop\jootong3\.env
2024-01-03T22:11:10: event - compiled client and server successfully in 969 ms (205 modules)
2024-01-03T22:11:11: ========================================== APP Prepare Done development ==========================================================
2024-01-03T22:11:11: server is runing at port 3000
2024-01-03T22:11:11: ready signal dev
2024-01-03T22:11:11: server is runing at port undefined
2024-01-03T22:11:11: ready signal production
2024-01-03T22:11:11: wait  - compiling /_error (client and server)...
2024-01-03T22:11:11: event - compiled client and server successfully in 156 ms (206 modules)
2024-01-03T22:11:17: wait  - compiling /create (client and server)...
