2024-01-03T22:07:32: warn  - Fast Refresh had to perform a full reload. Read more: https://nextjs.org/docs/messages/fast-refresh-reload
2024-01-03T22:07:33: warn  - Fast Refresh had to perform a full reload. Read more: https://nextjs.org/docs/messages/fast-refresh-reload
2024-01-03T22:07:38: error - pages\auth\signin.js (13:9) @ setUserKey
2024-01-03T22:07:38: error - TypeError: Cannot destructure property 'setUserKey' of '(0 , react__WEBPACK_IMPORTED_MODULE_2__.useContext)(...)' as it is undefined.
2024-01-03T22:07:38:     at signin (webpack-internal:///./pages/auth/signin.js:33:13)
2024-01-03T22:07:38:     at renderWithHooks (C:\Users\teamguug\Desktop\jootong3\node_modules\react-dom\cjs\react-dom-server.browser.development.js:5658:16)
2024-01-03T22:07:38:     at renderIndeterminateComponent (C:\Users\teamguug\Desktop\jootong3\node_modules\react-dom\cjs\react-dom-server.browser.development.js:5731:15)
2024-01-03T22:07:38:     at renderElement (C:\Users\teamguug\Desktop\jootong3\node_modules\react-dom\cjs\react-dom-server.browser.development.js:5946:7)
2024-01-03T22:07:38:     at renderNodeDestructiveImpl (C:\Users\teamguug\Desktop\jootong3\node_modules\react-dom\cjs\react-dom-server.browser.development.js:6104:11)
2024-01-03T22:07:38:     at renderNodeDestructive (C:\Users\teamguug\Desktop\jootong3\node_modules\react-dom\cjs\react-dom-server.browser.development.js:6076:14)
2024-01-03T22:07:38:     at renderContextProvider (C:\Users\teamguug\Desktop\jootong3\node_modules\react-dom\cjs\react-dom-server.browser.development.js:5920:3)
2024-01-03T22:07:38:     at renderElement (C:\Users\teamguug\Desktop\jootong3\node_modules\react-dom\cjs\react-dom-server.browser.development.js:6017:11)
2024-01-03T22:07:38:     at renderNodeDestructiveImpl (C:\Users\teamguug\Desktop\jootong3\node_modules\react-dom\cjs\react-dom-server.browser.development.js:6104:11)
2024-01-03T22:07:38:     at renderNodeDestructive (C:\Users\teamguug\Desktop\jootong3\node_modules\react-dom\cjs\react-dom-server.browser.development.js:6076:14)
2024-01-03T22:07:38:     at renderIndeterminateComponent (C:\Users\teamguug\Desktop\jootong3\node_modules\react-dom\cjs\react-dom-server.browser.development.js:5785:7)
2024-01-03T22:07:38:     at renderElement (C:\Users\teamguug\Desktop\jootong3\node_modules\react-dom\cjs\react-dom-server.browser.development.js:5946:7)
2024-01-03T22:07:38:     at renderNodeDestructiveImpl (C:\Users\teamguug\Desktop\jootong3\node_modules\react-dom\cjs\react-dom-server.browser.development.js:6104:11)
2024-01-03T22:07:38:     at renderNodeDestructive (C:\Users\teamguug\Desktop\jootong3\node_modules\react-dom\cjs\react-dom-server.browser.development.js:6076:14)
2024-01-03T22:07:38:     at renderIndeterminateComponent (C:\Users\teamguug\Desktop\jootong3\node_modules\react-dom\cjs\react-dom-server.browser.development.js:5785:7)
2024-01-03T22:07:38:     at renderElement (C:\Users\teamguug\Desktop\jootong3\node_modules\react-dom\cjs\react-dom-server.browser.development.js:5946:7)
2024-01-03T22:07:38:     at renderNodeDestructiveImpl (C:\Users\teamguug\Desktop\jootong3\node_modules\react-dom\cjs\react-dom-server.browser.development.js:6104:11)
2024-01-03T22:07:38:     at renderNodeDestructive (C:\Users\teamguug\Desktop\jootong3\node_modules\react-dom\cjs\react-dom-server.browser.development.js:6076:14)
2024-01-03T22:07:38:     at renderNode (C:\Users\teamguug\Desktop\jootong3\node_modules\react-dom\cjs\react-dom-server.browser.development.js:6259:12)
2024-01-03T22:07:38:     at renderChildrenArray (C:\Users\teamguug\Desktop\jootong3\node_modules\react-dom\cjs\react-dom-server.browser.development.js:6211:7)
2024-01-03T22:07:38:     at renderNodeDestructiveImpl (C:\Users\teamguug\Desktop\jootong3\node_modules\react-dom\cjs\react-dom-server.browser.development.js:6141:7)
2024-01-03T22:07:38:     at renderNodeDestructive (C:\Users\teamguug\Desktop\jootong3\node_modules\react-dom\cjs\react-dom-server.browser.development.js:6076:14)
2024-01-03T22:07:38:     at renderElement (C:\Users\teamguug\Desktop\jootong3\node_modules\react-dom\cjs\react-dom-server.browser.development.js:5971:9)
2024-01-03T22:07:38:     at renderNodeDestructiveImpl (C:\Users\teamguug\Desktop\jootong3\node_modules\react-dom\cjs\react-dom-server.browser.development.js:6104:11)
2024-01-03T22:07:38:     at renderNodeDestructive (C:\Users\teamguug\Desktop\jootong3\node_modules\react-dom\cjs\react-dom-server.browser.development.js:6076:14)
2024-01-03T22:07:38:     at renderNode (C:\Users\teamguug\Desktop\jootong3\node_modules\react-dom\cjs\react-dom-server.browser.development.js:6259:12)
2024-01-03T22:07:38:     at renderChildrenArray (C:\Users\teamguug\Desktop\jootong3\node_modules\react-dom\cjs\react-dom-server.browser.development.js:6211:7)
2024-01-03T22:07:38:     at renderNodeDestructiveImpl (C:\Users\teamguug\Desktop\jootong3\node_modules\react-dom\cjs\react-dom-server.browser.development.js:6141:7)
2024-01-03T22:07:38:     at renderNodeDestructive (C:\Users\teamguug\Desktop\jootong3\node_modules\react-dom\cjs\react-dom-server.browser.development.js:6076:14)
2024-01-03T22:07:38:     at renderElement (C:\Users\teamguug\Desktop\jootong3\node_modules\react-dom\cjs\react-dom-server.browser.development.js:5971:9)
2024-01-03T22:07:38:     at renderNodeDestructiveImpl (C:\Users\teamguug\Desktop\jootong3\node_modules\react-dom\cjs\react-dom-server.browser.development.js:6104:11)
2024-01-03T22:07:38:     at renderNodeDestructive (C:\Users\teamguug\Desktop\jootong3\node_modules\react-dom\cjs\react-dom-server.browser.development.js:6076:14)
2024-01-03T22:07:38:     at renderContextProvider (C:\Users\teamguug\Desktop\jootong3\node_modules\react-dom\cjs\react-dom-server.browser.development.js:5920:3)
2024-01-03T22:07:38:     at renderElement (C:\Users\teamguug\Desktop\jootong3\node_modules\react-dom\cjs\react-dom-server.browser.development.js:6017:11)
2024-01-03T22:07:38:     at renderNodeDestructiveImpl (C:\Users\teamguug\Desktop\jootong3\node_modules\react-dom\cjs\react-dom-server.browser.development.js:6104:11)
2024-01-03T22:07:38:     at renderNodeDestructive (C:\Users\teamguug\Desktop\jootong3\node_modules\react-dom\cjs\react-dom-server.browser.development.js:6076:14)
2024-01-03T22:07:38:     at renderContextProvider (C:\Users\teamguug\Desktop\jootong3\node_modules\react-dom\cjs\react-dom-server.browser.development.js:5920:3)
2024-01-03T22:07:38:     at renderElement (C:\Users\teamguug\Desktop\jootong3\node_modules\react-dom\cjs\react-dom-server.browser.development.js:6017:11)
2024-01-03T22:07:38:     at renderNodeDestructiveImpl (C:\Users\teamguug\Desktop\jootong3\node_modules\react-dom\cjs\react-dom-server.browser.development.js:6104:11)
2024-01-03T22:07:38:     at renderNodeDestructive (C:\Users\teamguug\Desktop\jootong3\node_modules\react-dom\cjs\react-dom-server.browser.development.js:6076:14)
2024-01-03T22:07:38:     at renderIndeterminateComponent (C:\Users\teamguug\Desktop\jootong3\node_modules\react-dom\cjs\react-dom-server.browser.development.js:5785:7)
2024-01-03T22:07:38:     at renderElement (C:\Users\teamguug\Desktop\jootong3\node_modules\react-dom\cjs\react-dom-server.browser.development.js:5946:7)
2024-01-03T22:07:38:     at renderNodeDestructiveImpl (C:\Users\teamguug\Desktop\jootong3\node_modules\react-dom\cjs\react-dom-server.browser.development.js:6104:11)
2024-01-03T22:07:38:     at renderNodeDestructive (C:\Users\teamguug\Desktop\jootong3\node_modules\react-dom\cjs\react-dom-server.browser.development.js:6076:14)
2024-01-03T22:07:38:     at renderContextProvider (C:\Users\teamguug\Desktop\jootong3\node_modules\react-dom\cjs\react-dom-server.browser.development.js:5920:3)
2024-01-03T22:07:38:     at renderElement (C:\Users\teamguug\Desktop\jootong3\node_modules\react-dom\cjs\react-dom-server.browser.development.js:6017:11)
2024-01-03T22:07:38:     at renderNodeDestructiveImpl (C:\Users\teamguug\Desktop\jootong3\node_modules\react-dom\cjs\react-dom-server.browser.development.js:6104:11)
2024-01-03T22:07:38:     at renderNodeDestructive (C:\Users\teamguug\Desktop\jootong3\node_modules\react-dom\cjs\react-dom-server.browser.development.js:6076:14)
2024-01-03T22:07:38:     at renderContextProvider (C:\Users\teamguug\Desktop\jootong3\node_modules\react-dom\cjs\react-dom-server.browser.development.js:5920:3)
2024-01-03T22:07:38:     at renderElement (C:\Users\teamguug\Desktop\jootong3\node_modules\react-dom\cjs\react-dom-server.browser.development.js:6017:11) {
2024-01-03T22:07:38:   page: '/auth/signin'
2024-01-03T22:07:38: }
2024-01-03T22:07:38: [0m [90m 11 | [39m[36mexport[39m [36mdefault[39m [36mfunction[39m signin() {[0m
2024-01-03T22:07:38: [0m [90m 12 | [39m  [36mconst[39m {data[33m:[39m session} [33m=[39m useSession()[33m;[39m[0m
2024-01-03T22:07:38: [0m[31m[1m>[22m[39m[90m 13 | [39m  [36mconst[39m {setUserKey} [33m=[39m useContext([33mSocketContext[39m)[33m;[39m[0m
2024-01-03T22:07:38: [0m [90m    | [39m        [31m[1m^[22m[39m[0m
2024-01-03T22:07:38: [0m [90m 14 | [39m  [36mconst[39m router [33m=[39m useRouter()[0m
2024-01-03T22:07:38: [0m [90m 15 | [39m  [36mconst[39m [errorMessage[33m,[39m setErrorMessage] [33m=[39m useState([32m''[39m)[33m;[39m[0m
2024-01-03T22:07:38: [0m [90m 16 | [39m  [36mconst[39m [loading[33m,[39m setLoading] [33m=[39m useState([36mtrue[39m)[33m;[39m[0m
2024-01-03T22:07:41: error - pages\auth\signin.js (13:9) @ setUserKey
2024-01-03T22:07:41: error - TypeError: Cannot destructure property 'setUserKey' of '(0 , react__WEBPACK_IMPORTED_MODULE_2__.useContext)(...)' as it is undefined.
2024-01-03T22:07:41:     at signin (webpack-internal:///./pages/auth/signin.js:33:13)
2024-01-03T22:07:41:     at renderWithHooks (C:\Users\teamguug\Desktop\jootong3\node_modules\react-dom\cjs\react-dom-server.browser.development.js:5658:16)
2024-01-03T22:07:41:     at renderIndeterminateComponent (C:\Users\teamguug\Desktop\jootong3\node_modules\react-dom\cjs\react-dom-server.browser.development.js:5731:15)
2024-01-03T22:07:41:     at renderElement (C:\Users\teamguug\Desktop\jootong3\node_modules\react-dom\cjs\react-dom-server.browser.development.js:5946:7)
2024-01-03T22:07:41:     at renderNodeDestructiveImpl (C:\Users\teamguug\Desktop\jootong3\node_modules\react-dom\cjs\react-dom-server.browser.development.js:6104:11)
2024-01-03T22:07:41:     at renderNodeDestructive (C:\Users\teamguug\Desktop\jootong3\node_modules\react-dom\cjs\react-dom-server.browser.development.js:6076:14)
2024-01-03T22:07:41:     at renderContextProvider (C:\Users\teamguug\Desktop\jootong3\node_modules\react-dom\cjs\react-dom-server.browser.development.js:5920:3)
2024-01-03T22:07:41:     at renderElement (C:\Users\teamguug\Desktop\jootong3\node_modules\react-dom\cjs\react-dom-server.browser.development.js:6017:11)
2024-01-03T22:07:41:     at renderNodeDestructiveImpl (C:\Users\teamguug\Desktop\jootong3\node_modules\react-dom\cjs\react-dom-server.browser.development.js:6104:11)
2024-01-03T22:07:41:     at renderNodeDestructive (C:\Users\teamguug\Desktop\jootong3\node_modules\react-dom\cjs\react-dom-server.browser.development.js:6076:14)
2024-01-03T22:07:41:     at renderIndeterminateComponent (C:\Users\teamguug\Desktop\jootong3\node_modules\react-dom\cjs\react-dom-server.browser.development.js:5785:7)
2024-01-03T22:07:41:     at renderElement (C:\Users\teamguug\Desktop\jootong3\node_modules\react-dom\cjs\react-dom-server.browser.development.js:5946:7)
2024-01-03T22:07:41:     at renderNodeDestructiveImpl (C:\Users\teamguug\Desktop\jootong3\node_modules\react-dom\cjs\react-dom-server.browser.development.js:6104:11)
2024-01-03T22:07:41:     at renderNodeDestructive (C:\Users\teamguug\Desktop\jootong3\node_modules\react-dom\cjs\react-dom-server.browser.development.js:6076:14)
2024-01-03T22:07:41:     at renderIndeterminateComponent (C:\Users\teamguug\Desktop\jootong3\node_modules\react-dom\cjs\react-dom-server.browser.development.js:5785:7)
2024-01-03T22:07:41:     at renderElement (C:\Users\teamguug\Desktop\jootong3\node_modules\react-dom\cjs\react-dom-server.browser.development.js:5946:7)
2024-01-03T22:07:41:     at renderNodeDestructiveImpl (C:\Users\teamguug\Desktop\jootong3\node_modules\react-dom\cjs\react-dom-server.browser.development.js:6104:11)
2024-01-03T22:07:41:     at renderNodeDestructive (C:\Users\teamguug\Desktop\jootong3\node_modules\react-dom\cjs\react-dom-server.browser.development.js:6076:14)
2024-01-03T22:07:41:     at renderNode (C:\Users\teamguug\Desktop\jootong3\node_modules\react-dom\cjs\react-dom-server.browser.development.js:6259:12)
2024-01-03T22:07:41:     at renderChildrenArray (C:\Users\teamguug\Desktop\jootong3\node_modules\react-dom\cjs\react-dom-server.browser.development.js:6211:7)
2024-01-03T22:07:41:     at renderNodeDestructiveImpl (C:\Users\teamguug\Desktop\jootong3\node_modules\react-dom\cjs\react-dom-server.browser.development.js:6141:7)
2024-01-03T22:07:41:     at renderNodeDestructive (C:\Users\teamguug\Desktop\jootong3\node_modules\react-dom\cjs\react-dom-server.browser.development.js:6076:14)
2024-01-03T22:07:41:     at renderElement (C:\Users\teamguug\Desktop\jootong3\node_modules\react-dom\cjs\react-dom-server.browser.development.js:5971:9)
2024-01-03T22:07:41:     at renderNodeDestructiveImpl (C:\Users\teamguug\Desktop\jootong3\node_modules\react-dom\cjs\react-dom-server.browser.development.js:6104:11)
2024-01-03T22:07:41:     at renderNodeDestructive (C:\Users\teamguug\Desktop\jootong3\node_modules\react-dom\cjs\react-dom-server.browser.development.js:6076:14)
2024-01-03T22:07:41:     at renderNode (C:\Users\teamguug\Desktop\jootong3\node_modules\react-dom\cjs\react-dom-server.browser.development.js:6259:12)
2024-01-03T22:07:41:     at renderChildrenArray (C:\Users\teamguug\Desktop\jootong3\node_modules\react-dom\cjs\react-dom-server.browser.development.js:6211:7)
2024-01-03T22:07:41:     at renderNodeDestructiveImpl (C:\Users\teamguug\Desktop\jootong3\node_modules\react-dom\cjs\react-dom-server.browser.development.js:6141:7)
2024-01-03T22:07:41:     at renderNodeDestructive (C:\Users\teamguug\Desktop\jootong3\node_modules\react-dom\cjs\react-dom-server.browser.development.js:6076:14)
2024-01-03T22:07:41:     at renderElement (C:\Users\teamguug\Desktop\jootong3\node_modules\react-dom\cjs\react-dom-server.browser.development.js:5971:9)
2024-01-03T22:07:41:     at renderNodeDestructiveImpl (C:\Users\teamguug\Desktop\jootong3\node_modules\react-dom\cjs\react-dom-server.browser.development.js:6104:11)
2024-01-03T22:07:41:     at renderNodeDestructive (C:\Users\teamguug\Desktop\jootong3\node_modules\react-dom\cjs\react-dom-server.browser.development.js:6076:14)
2024-01-03T22:07:41:     at renderContextProvider (C:\Users\teamguug\Desktop\jootong3\node_modules\react-dom\cjs\react-dom-server.browser.development.js:5920:3)
2024-01-03T22:07:41:     at renderElement (C:\Users\teamguug\Desktop\jootong3\node_modules\react-dom\cjs\react-dom-server.browser.development.js:6017:11)
2024-01-03T22:07:41:     at renderNodeDestructiveImpl (C:\Users\teamguug\Desktop\jootong3\node_modules\react-dom\cjs\react-dom-server.browser.development.js:6104:11)
2024-01-03T22:07:41:     at renderNodeDestructive (C:\Users\teamguug\Desktop\jootong3\node_modules\react-dom\cjs\react-dom-server.browser.development.js:6076:14)
2024-01-03T22:07:41:     at renderContextProvider (C:\Users\teamguug\Desktop\jootong3\node_modules\react-dom\cjs\react-dom-server.browser.development.js:5920:3)
2024-01-03T22:07:41:     at renderElement (C:\Users\teamguug\Desktop\jootong3\node_modules\react-dom\cjs\react-dom-server.browser.development.js:6017:11)
2024-01-03T22:07:41:     at renderNodeDestructiveImpl (C:\Users\teamguug\Desktop\jootong3\node_modules\react-dom\cjs\react-dom-server.browser.development.js:6104:11)
2024-01-03T22:07:41:     at renderNodeDestructive (C:\Users\teamguug\Desktop\jootong3\node_modules\react-dom\cjs\react-dom-server.browser.development.js:6076:14)
2024-01-03T22:07:41:     at renderIndeterminateComponent (C:\Users\teamguug\Desktop\jootong3\node_modules\react-dom\cjs\react-dom-server.browser.development.js:5785:7)
2024-01-03T22:07:41:     at renderElement (C:\Users\teamguug\Desktop\jootong3\node_modules\react-dom\cjs\react-dom-server.browser.development.js:5946:7)
2024-01-03T22:07:41:     at renderNodeDestructiveImpl (C:\Users\teamguug\Desktop\jootong3\node_modules\react-dom\cjs\react-dom-server.browser.development.js:6104:11)
2024-01-03T22:07:41:     at renderNodeDestructive (C:\Users\teamguug\Desktop\jootong3\node_modules\react-dom\cjs\react-dom-server.browser.development.js:6076:14)
2024-01-03T22:07:41:     at renderContextProvider (C:\Users\teamguug\Desktop\jootong3\node_modules\react-dom\cjs\react-dom-server.browser.development.js:5920:3)
2024-01-03T22:07:41:     at renderElement (C:\Users\teamguug\Desktop\jootong3\node_modules\react-dom\cjs\react-dom-server.browser.development.js:6017:11)
2024-01-03T22:07:41:     at renderNodeDestructiveImpl (C:\Users\teamguug\Desktop\jootong3\node_modules\react-dom\cjs\react-dom-server.browser.development.js:6104:11)
2024-01-03T22:07:41:     at renderNodeDestructive (C:\Users\teamguug\Desktop\jootong3\node_modules\react-dom\cjs\react-dom-server.browser.development.js:6076:14)
2024-01-03T22:07:41:     at renderContextProvider (C:\Users\teamguug\Desktop\jootong3\node_modules\react-dom\cjs\react-dom-server.browser.development.js:5920:3)
2024-01-03T22:07:41:     at renderElement (C:\Users\teamguug\Desktop\jootong3\node_modules\react-dom\cjs\react-dom-server.browser.development.js:6017:11) {
2024-01-03T22:07:41:   page: '/auth/signin'
2024-01-03T22:07:41: }
2024-01-03T22:07:41: [0m [90m 11 | [39m[36mexport[39m [36mdefault[39m [36mfunction[39m signin() {[0m
2024-01-03T22:07:41: [0m [90m 12 | [39m  [36mconst[39m {data[33m:[39m session} [33m=[39m useSession()[33m;[39m[0m
2024-01-03T22:07:41: [0m[31m[1m>[22m[39m[90m 13 | [39m  [36mconst[39m {setUserKey} [33m=[39m useContext([33mSocketContext[39m)[33m;[39m[0m
2024-01-03T22:07:41: [0m [90m    | [39m        [31m[1m^[22m[39m[0m
2024-01-03T22:07:41: [0m [90m 14 | [39m  [36mconst[39m router [33m=[39m useRouter()[0m
2024-01-03T22:07:41: [0m [90m 15 | [39m  [36mconst[39m [errorMessage[33m,[39m setErrorMessage] [33m=[39m useState([32m''[39m)[33m;[39m[0m
2024-01-03T22:07:41: [0m [90m 16 | [39m  [36mconst[39m [loading[33m,[39m setLoading] [33m=[39m useState([36mtrue[39m)[33m;[39m[0m
2024-01-03T22:07:50: error - pages\auth\signin.js (13:9) @ setUserKey
2024-01-03T22:07:50: error - TypeError: Cannot destructure property 'setUserKey' of '(0 , react__WEBPACK_IMPORTED_MODULE_2__.useContext)(...)' as it is undefined.
2024-01-03T22:07:50:     at signin (webpack-internal:///./pages/auth/signin.js:33:13)
2024-01-03T22:07:50:     at renderWithHooks (C:\Users\teamguug\Desktop\jootong3\node_modules\react-dom\cjs\react-dom-server.browser.development.js:5658:16)
2024-01-03T22:07:50:     at renderIndeterminateComponent (C:\Users\teamguug\Desktop\jootong3\node_modules\react-dom\cjs\react-dom-server.browser.development.js:5731:15)
2024-01-03T22:07:50:     at renderElement (C:\Users\teamguug\Desktop\jootong3\node_modules\react-dom\cjs\react-dom-server.browser.development.js:5946:7)
2024-01-03T22:07:50:     at renderNodeDestructiveImpl (C:\Users\teamguug\Desktop\jootong3\node_modules\react-dom\cjs\react-dom-server.browser.development.js:6104:11)
2024-01-03T22:07:50:     at renderNodeDestructive (C:\Users\teamguug\Desktop\jootong3\node_modules\react-dom\cjs\react-dom-server.browser.development.js:6076:14)
2024-01-03T22:07:50:     at renderContextProvider (C:\Users\teamguug\Desktop\jootong3\node_modules\react-dom\cjs\react-dom-server.browser.development.js:5920:3)
2024-01-03T22:07:50:     at renderElement (C:\Users\teamguug\Desktop\jootong3\node_modules\react-dom\cjs\react-dom-server.browser.development.js:6017:11)
2024-01-03T22:07:50:     at renderNodeDestructiveImpl (C:\Users\teamguug\Desktop\jootong3\node_modules\react-dom\cjs\react-dom-server.browser.development.js:6104:11)
2024-01-03T22:07:50:     at renderNodeDestructive (C:\Users\teamguug\Desktop\jootong3\node_modules\react-dom\cjs\react-dom-server.browser.development.js:6076:14)
2024-01-03T22:07:50:     at renderIndeterminateComponent (C:\Users\teamguug\Desktop\jootong3\node_modules\react-dom\cjs\react-dom-server.browser.development.js:5785:7)
2024-01-03T22:07:50:     at renderElement (C:\Users\teamguug\Desktop\jootong3\node_modules\react-dom\cjs\react-dom-server.browser.development.js:5946:7)
2024-01-03T22:07:50:     at renderNodeDestructiveImpl (C:\Users\teamguug\Desktop\jootong3\node_modules\react-dom\cjs\react-dom-server.browser.development.js:6104:11)
2024-01-03T22:07:50:     at renderNodeDestructive (C:\Users\teamguug\Desktop\jootong3\node_modules\react-dom\cjs\react-dom-server.browser.development.js:6076:14)
2024-01-03T22:07:50:     at renderIndeterminateComponent (C:\Users\teamguug\Desktop\jootong3\node_modules\react-dom\cjs\react-dom-server.browser.development.js:5785:7)
2024-01-03T22:07:50:     at renderElement (C:\Users\teamguug\Desktop\jootong3\node_modules\react-dom\cjs\react-dom-server.browser.development.js:5946:7)
2024-01-03T22:07:50:     at renderNodeDestructiveImpl (C:\Users\teamguug\Desktop\jootong3\node_modules\react-dom\cjs\react-dom-server.browser.development.js:6104:11)
2024-01-03T22:07:50:     at renderNodeDestructive (C:\Users\teamguug\Desktop\jootong3\node_modules\react-dom\cjs\react-dom-server.browser.development.js:6076:14)
2024-01-03T22:07:50:     at renderNode (C:\Users\teamguug\Desktop\jootong3\node_modules\react-dom\cjs\react-dom-server.browser.development.js:6259:12)
2024-01-03T22:07:50:     at renderChildrenArray (C:\Users\teamguug\Desktop\jootong3\node_modules\react-dom\cjs\react-dom-server.browser.development.js:6211:7)
2024-01-03T22:07:50:     at renderNodeDestructiveImpl (C:\Users\teamguug\Desktop\jootong3\node_modules\react-dom\cjs\react-dom-server.browser.development.js:6141:7)
2024-01-03T22:07:50:     at renderNodeDestructive (C:\Users\teamguug\Desktop\jootong3\node_modules\react-dom\cjs\react-dom-server.browser.development.js:6076:14)
2024-01-03T22:07:50:     at renderElement (C:\Users\teamguug\Desktop\jootong3\node_modules\react-dom\cjs\react-dom-server.browser.development.js:5971:9)
2024-01-03T22:07:50:     at renderNodeDestructiveImpl (C:\Users\teamguug\Desktop\jootong3\node_modules\react-dom\cjs\react-dom-server.browser.development.js:6104:11)
2024-01-03T22:07:50:     at renderNodeDestructive (C:\Users\teamguug\Desktop\jootong3\node_modules\react-dom\cjs\react-dom-server.browser.development.js:6076:14)
2024-01-03T22:07:50:     at renderNode (C:\Users\teamguug\Desktop\jootong3\node_modules\react-dom\cjs\react-dom-server.browser.development.js:6259:12)
2024-01-03T22:07:50:     at renderChildrenArray (C:\Users\teamguug\Desktop\jootong3\node_modules\react-dom\cjs\react-dom-server.browser.development.js:6211:7)
2024-01-03T22:07:50:     at renderNodeDestructiveImpl (C:\Users\teamguug\Desktop\jootong3\node_modules\react-dom\cjs\react-dom-server.browser.development.js:6141:7)
2024-01-03T22:07:50:     at renderNodeDestructive (C:\Users\teamguug\Desktop\jootong3\node_modules\react-dom\cjs\react-dom-server.browser.development.js:6076:14)
2024-01-03T22:07:50:     at renderElement (C:\Users\teamguug\Desktop\jootong3\node_modules\react-dom\cjs\react-dom-server.browser.development.js:5971:9)
2024-01-03T22:07:50:     at renderNodeDestructiveImpl (C:\Users\teamguug\Desktop\jootong3\node_modules\react-dom\cjs\react-dom-server.browser.development.js:6104:11)
2024-01-03T22:07:50:     at renderNodeDestructive (C:\Users\teamguug\Desktop\jootong3\node_modules\react-dom\cjs\react-dom-server.browser.development.js:6076:14)
2024-01-03T22:07:50:     at renderContextProvider (C:\Users\teamguug\Desktop\jootong3\node_modules\react-dom\cjs\react-dom-server.browser.development.js:5920:3)
2024-01-03T22:07:50:     at renderElement (C:\Users\teamguug\Desktop\jootong3\node_modules\react-dom\cjs\react-dom-server.browser.development.js:6017:11)
2024-01-03T22:07:50:     at renderNodeDestructiveImpl (C:\Users\teamguug\Desktop\jootong3\node_modules\react-dom\cjs\react-dom-server.browser.development.js:6104:11)
2024-01-03T22:07:50:     at renderNodeDestructive (C:\Users\teamguug\Desktop\jootong3\node_modules\react-dom\cjs\react-dom-server.browser.development.js:6076:14)
2024-01-03T22:07:50:     at renderContextProvider (C:\Users\teamguug\Desktop\jootong3\node_modules\react-dom\cjs\react-dom-server.browser.development.js:5920:3)
2024-01-03T22:07:50:     at renderElement (C:\Users\teamguug\Desktop\jootong3\node_modules\react-dom\cjs\react-dom-server.browser.development.js:6017:11)
2024-01-03T22:07:50:     at renderNodeDestructiveImpl (C:\Users\teamguug\Desktop\jootong3\node_modules\react-dom\cjs\react-dom-server.browser.development.js:6104:11)
2024-01-03T22:07:50:     at renderNodeDestructive (C:\Users\teamguug\Desktop\jootong3\node_modules\react-dom\cjs\react-dom-server.browser.development.js:6076:14)
2024-01-03T22:07:50:     at renderIndeterminateComponent (C:\Users\teamguug\Desktop\jootong3\node_modules\react-dom\cjs\react-dom-server.browser.development.js:5785:7)
2024-01-03T22:07:50:     at renderElement (C:\Users\teamguug\Desktop\jootong3\node_modules\react-dom\cjs\react-dom-server.browser.development.js:5946:7)
2024-01-03T22:07:50:     at renderNodeDestructiveImpl (C:\Users\teamguug\Desktop\jootong3\node_modules\react-dom\cjs\react-dom-server.browser.development.js:6104:11)
2024-01-03T22:07:50:     at renderNodeDestructive (C:\Users\teamguug\Desktop\jootong3\node_modules\react-dom\cjs\react-dom-server.browser.development.js:6076:14)
2024-01-03T22:07:50:     at renderContextProvider (C:\Users\teamguug\Desktop\jootong3\node_modules\react-dom\cjs\react-dom-server.browser.development.js:5920:3)
2024-01-03T22:07:50:     at renderElement (C:\Users\teamguug\Desktop\jootong3\node_modules\react-dom\cjs\react-dom-server.browser.development.js:6017:11)
2024-01-03T22:07:50:     at renderNodeDestructiveImpl (C:\Users\teamguug\Desktop\jootong3\node_modules\react-dom\cjs\react-dom-server.browser.development.js:6104:11)
2024-01-03T22:07:50:     at renderNodeDestructive (C:\Users\teamguug\Desktop\jootong3\node_modules\react-dom\cjs\react-dom-server.browser.development.js:6076:14)
2024-01-03T22:07:50:     at renderContextProvider (C:\Users\teamguug\Desktop\jootong3\node_modules\react-dom\cjs\react-dom-server.browser.development.js:5920:3)
2024-01-03T22:07:50:     at renderElement (C:\Users\teamguug\Desktop\jootong3\node_modules\react-dom\cjs\react-dom-server.browser.development.js:6017:11) {
2024-01-03T22:07:50:   page: '/auth/signin'
2024-01-03T22:07:50: }
2024-01-03T22:07:50: [0m [90m 11 | [39m[36mexport[39m [36mdefault[39m [36mfunction[39m signin() {[0m
2024-01-03T22:07:50: [0m [90m 12 | [39m  [36mconst[39m {data[33m:[39m session} [33m=[39m useSession()[33m;[39m[0m
2024-01-03T22:07:50: [0m[31m[1m>[22m[39m[90m 13 | [39m  [36mconst[39m {setUserKey} [33m=[39m useContext([33mSocketContext[39m)[33m;[39m[0m
2024-01-03T22:07:50: [0m [90m    | [39m        [31m[1m^[22m[39m[0m
2024-01-03T22:07:50: [0m [90m 14 | [39m  [36mconst[39m router [33m=[39m useRouter()[0m
2024-01-03T22:07:50: [0m [90m 15 | [39m  [36mconst[39m [errorMessage[33m,[39m setErrorMessage] [33m=[39m useState([32m''[39m)[33m;[39m[0m
2024-01-03T22:07:50: [0m [90m 16 | [39m  [36mconst[39m [loading[33m,[39m setLoading] [33m=[39m useState([36mtrue[39m)[33m;[39m[0m
2024-01-03T22:08:11: warn  - Fast Refresh had to perform a full reload when ./pages/create.js changed. Read more: https://nextjs.org/docs/messages/fast-refresh-reload
2024-01-03T22:09:38: warn  - Fast Refresh had to perform a full reload. Read more: https://nextjs.org/docs/messages/fast-refresh-reload
2024-01-03T22:09:38: warn  - Fast Refresh had to perform a full reload. Read more: https://nextjs.org/docs/messages/fast-refresh-reload
2024-01-03T22:10:33: warn  - Fast Refresh had to perform a full reload. Read more: https://nextjs.org/docs/messages/fast-refresh-reload
2024-01-03T22:10:44: API resolved without sending a response for /api/weather, this may result in stalled requests.
2024-01-03T22:11:17: warn  - Fast Refresh had to perform a full reload. Read more: https://nextjs.org/docs/messages/fast-refresh-reload
